[2022-06-07 12:09:19] [ ERROR] [ConfiguracionJDBC:56] Error: unable to load driver class! org.h2.Driver
[2022-06-07 12:10:18] [ ERROR] [ConfiguracionJDBC:56] Error: unable to load driver class! org.h2.Driver
[2022-06-07 12:21:33] [ ERROR] [ConfiguracionJDBC:57] Error: unable to load driver class! org.h2.Driver
[2022-06-07 12:23:40] [ ERROR] [ConfiguracionJDBC:57] Error: unable to load driver class! org.h2.Driver
[2022-06-07 12:34:52] [ INFO ] [ConfiguracionJDBC:53] Se cargo correctamente el driver jdbc
[2022-06-07 12:34:53] [ INFO ] [ConfiguracionJDBC:39] Se ha establecido correctamente la conexion a la base de datos
[2022-06-07 12:34:53] [ INFO ] [OdontologoDAOH2:151] Consulta de todos los registros fue exitosa
[2022-06-07 12:34:53] [ INFO ] [ConfiguracionJDBC:53] Se cargo correctamente el driver jdbc
[2022-06-07 12:34:53] [ INFO ] [ConfiguracionJDBC:39] Se ha establecido correctamente la conexion a la base de datos
[2022-06-07 12:34:53] [ INFO ] [OdontologoDAOH2:151] Consulta de todos los registros fue exitosa
[2022-06-07 12:34:53] [ INFO ] [Main:39] Odonotologo Name:Adela Apellido: Sanchez Matricula: 9024215 Id : 2
[2022-06-07 12:34:53] [ INFO ] [ConfiguracionJDBC:53] Se cargo correctamente el driver jdbc
[2022-06-07 12:34:53] [ INFO ] [ConfiguracionJDBC:39] Se ha establecido correctamente la conexion a la base de datos
[2022-06-07 12:34:53] [ INFO ] [OdontologoDAOH2:151] Consulta de todos los registros fue exitosa
[2022-06-07 12:34:53] [ INFO ] [Main:39] Odonotologo Name:Adela Apellido: Sanchez Matricula: 9024215 Id : 3
[2022-06-07 12:34:53] [ INFO ] [ConfiguracionJDBC:53] Se cargo correctamente el driver jdbc
[2022-06-07 12:34:53] [ INFO ] [ConfiguracionJDBC:39] Se ha establecido correctamente la conexion a la base de datos
[2022-06-07 12:34:53] [ INFO ] [OdontologoDAOH2:151] Consulta de todos los registros fue exitosa
[2022-06-07 12:34:53] [ INFO ] [Main:39] Odonotologo Name:Hector Apellido: moreno Matricula: 79904519 Id : 4
[2022-06-07 12:45:08] [ INFO ] [ConfiguracionJDBC:53] Se cargo correctamente el driver jdbc
[2022-06-07 12:45:09] [ INFO ] [ConfiguracionJDBC:39] Se ha establecido correctamente la conexion a la base de datos
[2022-06-07 12:45:09] [ INFO ] [OdontologoDAOH2:38] Informacion Guardada correctamente
[2022-06-07 12:46:27] [ INFO ] [ConfiguracionJDBC:53] Se cargo correctamente el driver jdbc
[2022-06-07 12:46:28] [ INFO ] [ConfiguracionJDBC:39] Se ha establecido correctamente la conexion a la base de datos
[2022-06-07 12:46:28] [ INFO ] [OdontologoDAOH2:62] Eliminacion registro No 3 fue exitosa
[2022-06-07 12:56:55] [ INFO ] [ConfiguracionJDBC:53] Se cargo correctamente el driver jdbc
[2022-06-07 12:56:56] [ INFO ] [ConfiguracionJDBC:39] Se ha establecido correctamente la conexion a la base de datos
[2022-06-07 12:56:56] [ INFO ] [OdontologoDAOH2:107] Consulta por ID No 17 fue exitosa
[2022-06-07 12:56:56] [ INFO ] [ConfiguracionJDBC:53] Se cargo correctamente el driver jdbc
[2022-06-07 12:56:56] [ INFO ] [ConfiguracionJDBC:39] Se ha establecido correctamente la conexion a la base de datos
[2022-06-07 12:56:56] [ INFO ] [OdontologoDAOH2:38] Informacion Guardada correctamente
[2022-06-07 12:56:57] [ INFO ] [ConfiguracionJDBC:53] Se cargo correctamente el driver jdbc
[2022-06-07 12:56:57] [ INFO ] [ConfiguracionJDBC:39] Se ha establecido correctamente la conexion a la base de datos
[2022-06-07 12:56:57] [ INFO ] [OdontologoDAOH2:151] Consulta de todos los registros fue exitosa
[2022-06-07 12:56:57] [ INFO ] [ConfiguracionJDBC:53] Se cargo correctamente el driver jdbc
[2022-06-07 12:56:57] [ INFO ] [ConfiguracionJDBC:39] Se ha establecido correctamente la conexion a la base de datos
[2022-06-07 12:56:57] [ INFO ] [OdontologoDAOH2:151] Consulta de todos los registros fue exitosa
[2022-06-07 12:56:57] [ INFO ] [ConfiguracionJDBC:53] Se cargo correctamente el driver jdbc
[2022-06-07 12:56:57] [ INFO ] [ConfiguracionJDBC:39] Se ha establecido correctamente la conexion a la base de datos
[2022-06-07 12:56:57] [ INFO ] [OdontologoDAOH2:151] Consulta de todos los registros fue exitosa
[2022-06-07 12:56:57] [ INFO ] [ConfiguracionJDBC:53] Se cargo correctamente el driver jdbc
[2022-06-07 12:56:57] [ INFO ] [ConfiguracionJDBC:39] Se ha establecido correctamente la conexion a la base de datos
[2022-06-07 12:56:57] [ INFO ] [OdontologoDAOH2:151] Consulta de todos los registros fue exitosa
[2022-06-07 12:56:57] [ INFO ] [ConfiguracionJDBC:53] Se cargo correctamente el driver jdbc
[2022-06-07 12:56:57] [ INFO ] [ConfiguracionJDBC:39] Se ha establecido correctamente la conexion a la base de datos
[2022-06-07 12:56:57] [ INFO ] [OdontologoDAOH2:151] Consulta de todos los registros fue exitosa
[2022-06-07 12:56:57] [ INFO ] [ConfiguracionJDBC:53] Se cargo correctamente el driver jdbc
[2022-06-07 12:56:57] [ INFO ] [ConfiguracionJDBC:39] Se ha establecido correctamente la conexion a la base de datos
[2022-06-07 12:56:57] [ INFO ] [OdontologoDAOH2:151] Consulta de todos los registros fue exitosa
[2022-06-07 12:56:58] [ INFO ] [ConfiguracionJDBC:53] Se cargo correctamente el driver jdbc
[2022-06-07 12:56:58] [ INFO ] [ConfiguracionJDBC:39] Se ha establecido correctamente la conexion a la base de datos
[2022-06-07 12:56:58] [ INFO ] [OdontologoDAOH2:62] Eliminacion registro No 16 fue exitosa
[2022-06-07 12:58:16] [ INFO ] [ConfiguracionJDBC:53] Se cargo correctamente el driver jdbc
[2022-06-07 12:58:17] [ INFO ] [ConfiguracionJDBC:39] Se ha establecido correctamente la conexion a la base de datos
[2022-06-07 12:58:17] [ INFO ] [ConfiguracionJDBC:53] Se cargo correctamente el driver jdbc
[2022-06-07 12:58:17] [ INFO ] [ConfiguracionJDBC:39] Se ha establecido correctamente la conexion a la base de datos
[2022-06-07 12:58:17] [ INFO ] [ConfiguracionJDBC:53] Se cargo correctamente el driver jdbc
[2022-06-07 12:58:17] [ INFO ] [ConfiguracionJDBC:39] Se ha establecido correctamente la conexion a la base de datos
[2022-06-07 12:58:17] [ INFO ] [ConfiguracionJDBC:53] Se cargo correctamente el driver jdbc
[2022-06-07 12:58:17] [ INFO ] [ConfiguracionJDBC:39] Se ha establecido correctamente la conexion a la base de datos
[2022-06-07 12:58:17] [ INFO ] [ConfiguracionJDBC:53] Se cargo correctamente el driver jdbc
[2022-06-07 12:58:17] [ INFO ] [ConfiguracionJDBC:39] Se ha establecido correctamente la conexion a la base de datos
[2022-06-07 12:58:17] [ INFO ] [ConfiguracionJDBC:53] Se cargo correctamente el driver jdbc
[2022-06-07 12:58:17] [ INFO ] [ConfiguracionJDBC:39] Se ha establecido correctamente la conexion a la base de datos
[2022-06-07 12:58:17] [ INFO ] [ConfiguracionJDBC:53] Se cargo correctamente el driver jdbc
[2022-06-07 12:58:17] [ INFO ] [ConfiguracionJDBC:39] Se ha establecido correctamente la conexion a la base de datos
[2022-06-07 12:58:17] [ INFO ] [ConfiguracionJDBC:53] Se cargo correctamente el driver jdbc
[2022-06-07 12:58:17] [ INFO ] [ConfiguracionJDBC:39] Se ha establecido correctamente la conexion a la base de datos
[2022-06-07 12:58:17] [ INFO ] [ConfiguracionJDBC:53] Se cargo correctamente el driver jdbc
[2022-06-07 12:58:17] [ INFO ] [ConfiguracionJDBC:39] Se ha establecido correctamente la conexion a la base de datos
[2022-06-07 12:58:18] [ INFO ] [ConfiguracionJDBC:53] Se cargo correctamente el driver jdbc
[2022-06-07 12:58:18] [ INFO ] [ConfiguracionJDBC:39] Se ha establecido correctamente la conexion a la base de datos
[2022-06-07 12:58:18] [ INFO ] [ConfiguracionJDBC:53] Se cargo correctamente el driver jdbc
[2022-06-07 12:58:18] [ INFO ] [ConfiguracionJDBC:39] Se ha establecido correctamente la conexion a la base de datos
[2022-06-07 12:58:18] [ INFO ] [ConfiguracionJDBC:53] Se cargo correctamente el driver jdbc
[2022-06-07 12:58:18] [ INFO ] [ConfiguracionJDBC:39] Se ha establecido correctamente la conexion a la base de datos
[2022-06-07 12:58:18] [ INFO ] [ConfiguracionJDBC:53] Se cargo correctamente el driver jdbc
[2022-06-07 12:58:18] [ INFO ] [ConfiguracionJDBC:39] Se ha establecido correctamente la conexion a la base de datos
[2022-06-07 12:58:18] [ INFO ] [ConfiguracionJDBC:53] Se cargo correctamente el driver jdbc
[2022-06-07 12:58:18] [ INFO ] [ConfiguracionJDBC:39] Se ha establecido correctamente la conexion a la base de datos
[2022-06-07 12:58:18] [ INFO ] [ConfiguracionJDBC:53] Se cargo correctamente el driver jdbc
[2022-06-07 12:58:18] [ INFO ] [ConfiguracionJDBC:39] Se ha establecido correctamente la conexion a la base de datos
[2022-06-07 12:58:18] [ INFO ] [ConfiguracionJDBC:53] Se cargo correctamente el driver jdbc
[2022-06-07 12:58:18] [ INFO ] [ConfiguracionJDBC:39] Se ha establecido correctamente la conexion a la base de datos
[2022-06-07 12:58:18] [ INFO ] [ConfiguracionJDBC:53] Se cargo correctamente el driver jdbc
[2022-06-07 12:58:18] [ INFO ] [ConfiguracionJDBC:39] Se ha establecido correctamente la conexion a la base de datos
[2022-06-07 12:58:18] [ INFO ] [ConfiguracionJDBC:53] Se cargo correctamente el driver jdbc
[2022-06-07 12:58:18] [ INFO ] [ConfiguracionJDBC:39] Se ha establecido correctamente la conexion a la base de datos
[2022-06-07 12:58:18] [ INFO ] [ConfiguracionJDBC:53] Se cargo correctamente el driver jdbc
[2022-06-07 12:58:18] [ INFO ] [ConfiguracionJDBC:39] Se ha establecido correctamente la conexion a la base de datos
[2022-06-07 12:58:18] [ INFO ] [ConfiguracionJDBC:53] Se cargo correctamente el driver jdbc
[2022-06-07 12:58:18] [ INFO ] [ConfiguracionJDBC:39] Se ha establecido correctamente la conexion a la base de datos
[2022-06-07 12:58:18] [ INFO ] [ConfiguracionJDBC:53] Se cargo correctamente el driver jdbc
[2022-06-07 12:58:18] [ INFO ] [ConfiguracionJDBC:39] Se ha establecido correctamente la conexion a la base de datos
[2022-06-07 12:58:18] [ INFO ] [ConfiguracionJDBC:53] Se cargo correctamente el driver jdbc
[2022-06-07 12:58:19] [ INFO ] [ConfiguracionJDBC:39] Se ha establecido correctamente la conexion a la base de datos
[2022-06-07 12:58:19] [ INFO ] [ConfiguracionJDBC:53] Se cargo correctamente el driver jdbc
[2022-06-07 12:58:19] [ INFO ] [ConfiguracionJDBC:39] Se ha establecido correctamente la conexion a la base de datos
[2022-06-07 12:58:19] [ INFO ] [ConfiguracionJDBC:53] Se cargo correctamente el driver jdbc
[2022-06-07 12:58:19] [ INFO ] [ConfiguracionJDBC:39] Se ha establecido correctamente la conexion a la base de datos
[2022-06-07 12:58:19] [ INFO ] [ConfiguracionJDBC:53] Se cargo correctamente el driver jdbc
[2022-06-07 12:58:19] [ INFO ] [ConfiguracionJDBC:39] Se ha establecido correctamente la conexion a la base de datos
[2022-06-07 12:58:19] [ INFO ] [ConfiguracionJDBC:53] Se cargo correctamente el driver jdbc
[2022-06-07 12:58:19] [ INFO ] [ConfiguracionJDBC:39] Se ha establecido correctamente la conexion a la base de datos
[2022-06-07 12:58:19] [ INFO ] [ConfiguracionJDBC:53] Se cargo correctamente el driver jdbc
[2022-06-07 12:58:19] [ INFO ] [ConfiguracionJDBC:39] Se ha establecido correctamente la conexion a la base de datos
[2022-06-07 12:58:19] [ INFO ] [ConfiguracionJDBC:53] Se cargo correctamente el driver jdbc
[2022-06-07 12:58:19] [ INFO ] [ConfiguracionJDBC:39] Se ha establecido correctamente la conexion a la base de datos
[2022-06-07 12:58:19] [ INFO ] [ConfiguracionJDBC:53] Se cargo correctamente el driver jdbc
[2022-06-07 12:58:19] [ INFO ] [ConfiguracionJDBC:39] Se ha establecido correctamente la conexion a la base de datos
[2022-06-07 12:58:19] [ INFO ] [ConfiguracionJDBC:53] Se cargo correctamente el driver jdbc
[2022-06-07 12:58:19] [ INFO ] [ConfiguracionJDBC:39] Se ha establecido correctamente la conexion a la base de datos
[2022-06-07 12:58:19] [ INFO ] [ConfiguracionJDBC:53] Se cargo correctamente el driver jdbc
[2022-06-07 12:58:19] [ INFO ] [ConfiguracionJDBC:39] Se ha establecido correctamente la conexion a la base de datos
[2022-06-07 12:58:19] [ INFO ] [ConfiguracionJDBC:53] Se cargo correctamente el driver jdbc
[2022-06-07 12:58:19] [ INFO ] [ConfiguracionJDBC:39] Se ha establecido correctamente la conexion a la base de datos
[2022-06-07 12:58:19] [ INFO ] [ConfiguracionJDBC:53] Se cargo correctamente el driver jdbc
[2022-06-07 12:58:19] [ INFO ] [ConfiguracionJDBC:39] Se ha establecido correctamente la conexion a la base de datos
[2022-06-07 12:58:19] [ INFO ] [ConfiguracionJDBC:53] Se cargo correctamente el driver jdbc
[2022-06-07 12:58:19] [ INFO ] [ConfiguracionJDBC:39] Se ha establecido correctamente la conexion a la base de datos
[2022-06-07 13:50:59] [ INFO ] [ConfiguracionJDBC:53] Se cargo correctamente el driver jdbc
[2022-06-07 13:51:00] [ INFO ] [ConfiguracionJDBC:39] Se ha establecido correctamente la conexion a la base de datos
[2022-06-07 13:51:00] [ INFO ] [OdontologoDAOH2:38] Informacion Guardada correctamente
[2022-06-07 13:55:15] [ INFO ] [ConfiguracionJDBC:53] Se cargo correctamente el driver jdbc
[2022-06-07 13:55:15] [ INFO ] [ConfiguracionJDBC:39] Se ha establecido correctamente la conexion a la base de datos
[2022-06-07 13:55:15] [ INFO ] [OdontologoDAOH2:38] Informacion Guardada correctamente
[2022-06-07 13:55:35] [ INFO ] [ConfiguracionJDBC:53] Se cargo correctamente el driver jdbc
[2022-06-07 13:55:35] [ INFO ] [ConfiguracionJDBC:39] Se ha establecido correctamente la conexion a la base de datos
[2022-06-07 13:55:35] [ INFO ] [OdontologoDAOH2:38] Informacion Guardada correctamente
[2022-06-07 13:55:56] [ INFO ] [ConfiguracionJDBC:53] Se cargo correctamente el driver jdbc
[2022-06-07 13:55:57] [ INFO ] [ConfiguracionJDBC:39] Se ha establecido correctamente la conexion a la base de datos
[2022-06-07 13:55:57] [ INFO ] [OdontologoDAOH2:38] Informacion Guardada correctamente
[2022-06-07 14:14:08] [ INFO ] [ConfiguracionJDBC:53] Se cargo correctamente el driver jdbc
[2022-06-07 14:14:08] [ INFO ] [ConfiguracionJDBC:39] Se ha establecido correctamente la conexion a la base de datos
[2022-06-07 14:14:08] [ INFO ] [OdontologoDAOH2:107] Consulta por ID No 17 fue exitosa
[2022-06-07 14:14:09] [ INFO ] [ConfiguracionJDBC:53] Se cargo correctamente el driver jdbc
[2022-06-07 14:14:09] [ INFO ] [ConfiguracionJDBC:39] Se ha establecido correctamente la conexion a la base de datos
[2022-06-07 14:14:09] [ INFO ] [OdontologoDAOH2:38] Informacion Guardada correctamente
[2022-06-07 14:14:09] [ INFO ] [ConfiguracionJDBC:53] Se cargo correctamente el driver jdbc
[2022-06-07 14:14:09] [ INFO ] [ConfiguracionJDBC:39] Se ha establecido correctamente la conexion a la base de datos
[2022-06-07 14:14:09] [ INFO ] [OdontologoDAOH2:38] Informacion Guardada correctamente
[2022-06-07 14:14:09] [ INFO ] [ConfiguracionJDBC:53] Se cargo correctamente el driver jdbc
[2022-06-07 14:14:09] [ INFO ] [ConfiguracionJDBC:39] Se ha establecido correctamente la conexion a la base de datos
[2022-06-07 14:14:09] [ INFO ] [OdontologoDAOH2:151] Consulta de todos los registros fue exitosa
[2022-06-07 14:14:09] [ INFO ] [ConfiguracionJDBC:53] Se cargo correctamente el driver jdbc
[2022-06-07 14:14:09] [ INFO ] [ConfiguracionJDBC:39] Se ha establecido correctamente la conexion a la base de datos
[2022-06-07 14:14:09] [ INFO ] [OdontologoDAOH2:151] Consulta de todos los registros fue exitosa
[2022-06-07 14:14:09] [ INFO ] [ConfiguracionJDBC:53] Se cargo correctamente el driver jdbc
[2022-06-07 14:14:09] [ INFO ] [ConfiguracionJDBC:39] Se ha establecido correctamente la conexion a la base de datos
[2022-06-07 14:14:09] [ INFO ] [OdontologoDAOH2:151] Consulta de todos los registros fue exitosa
[2022-06-07 14:14:09] [ INFO ] [ConfiguracionJDBC:53] Se cargo correctamente el driver jdbc
[2022-06-07 14:14:09] [ INFO ] [ConfiguracionJDBC:39] Se ha establecido correctamente la conexion a la base de datos
[2022-06-07 14:14:09] [ INFO ] [OdontologoDAOH2:151] Consulta de todos los registros fue exitosa
[2022-06-07 14:14:09] [ INFO ] [ConfiguracionJDBC:53] Se cargo correctamente el driver jdbc
[2022-06-07 14:14:09] [ INFO ] [ConfiguracionJDBC:39] Se ha establecido correctamente la conexion a la base de datos
[2022-06-07 14:14:09] [ INFO ] [OdontologoDAOH2:151] Consulta de todos los registros fue exitosa
[2022-06-07 14:14:09] [ INFO ] [ConfiguracionJDBC:53] Se cargo correctamente el driver jdbc
[2022-06-07 14:14:09] [ INFO ] [ConfiguracionJDBC:39] Se ha establecido correctamente la conexion a la base de datos
[2022-06-07 14:14:09] [ INFO ] [OdontologoDAOH2:151] Consulta de todos los registros fue exitosa
[2022-06-07 14:14:09] [ INFO ] [ConfiguracionJDBC:53] Se cargo correctamente el driver jdbc
[2022-06-07 14:14:09] [ INFO ] [ConfiguracionJDBC:39] Se ha establecido correctamente la conexion a la base de datos
[2022-06-07 14:14:09] [ INFO ] [OdontologoDAOH2:151] Consulta de todos los registros fue exitosa
[2022-06-07 14:14:09] [ INFO ] [ConfiguracionJDBC:53] Se cargo correctamente el driver jdbc
[2022-06-07 14:14:09] [ INFO ] [ConfiguracionJDBC:39] Se ha establecido correctamente la conexion a la base de datos
[2022-06-07 14:14:09] [ INFO ] [OdontologoDAOH2:151] Consulta de todos los registros fue exitosa
[2022-06-07 14:14:09] [ INFO ] [ConfiguracionJDBC:53] Se cargo correctamente el driver jdbc
[2022-06-07 14:14:09] [ INFO ] [ConfiguracionJDBC:39] Se ha establecido correctamente la conexion a la base de datos
[2022-06-07 14:14:09] [ INFO ] [OdontologoDAOH2:151] Consulta de todos los registros fue exitosa
[2022-06-07 14:14:09] [ INFO ] [ConfiguracionJDBC:53] Se cargo correctamente el driver jdbc
[2022-06-07 14:14:09] [ INFO ] [ConfiguracionJDBC:39] Se ha establecido correctamente la conexion a la base de datos
[2022-06-07 14:14:09] [ INFO ] [OdontologoDAOH2:151] Consulta de todos los registros fue exitosa
[2022-06-07 14:14:10] [ INFO ] [ConfiguracionJDBC:53] Se cargo correctamente el driver jdbc
[2022-06-07 14:14:10] [ INFO ] [ConfiguracionJDBC:39] Se ha establecido correctamente la conexion a la base de datos
[2022-06-07 14:14:10] [ INFO ] [OdontologoDAOH2:151] Consulta de todos los registros fue exitosa
[2022-06-07 14:14:10] [ INFO ] [ConfiguracionJDBC:53] Se cargo correctamente el driver jdbc
[2022-06-07 14:14:10] [ INFO ] [ConfiguracionJDBC:39] Se ha establecido correctamente la conexion a la base de datos
[2022-06-07 14:14:10] [ INFO ] [OdontologoDAOH2:151] Consulta de todos los registros fue exitosa
[2022-06-07 14:14:10] [ INFO ] [ConfiguracionJDBC:53] Se cargo correctamente el driver jdbc
[2022-06-07 14:14:10] [ INFO ] [ConfiguracionJDBC:39] Se ha establecido correctamente la conexion a la base de datos
[2022-06-07 14:14:10] [ INFO ] [OdontologoDAOH2:62] Eliminacion registro No 16 fue exitosa
[2022-06-07 22:25:14] [ INFO ] [ConfiguracionJDBC:53] Se cargo correctamente el driver jdbc
[2022-06-07 22:25:15] [ INFO ] [ConfiguracionJDBC:39] Se ha establecido correctamente la conexion a la base de datos
[2022-06-07 22:25:15] [ INFO ] [OdontologoDAOH2:151] Consulta de todos los registros fue exitosa
[2022-06-07 22:25:15] [ INFO ] [ConfiguracionJDBC:53] Se cargo correctamente el driver jdbc
[2022-06-07 22:25:15] [ INFO ] [ConfiguracionJDBC:39] Se ha establecido correctamente la conexion a la base de datos
[2022-06-07 22:25:15] [ INFO ] [OdontologoDAOH2:151] Consulta de todos los registros fue exitosa
[2022-06-07 22:25:15] [ INFO ] [Main:39] Odonotologo Name:Adela Apellido: Sanchez Matricula: 9024215 Id : 2
[2022-06-07 22:25:15] [ INFO ] [ConfiguracionJDBC:53] Se cargo correctamente el driver jdbc
[2022-06-07 22:25:15] [ INFO ] [ConfiguracionJDBC:39] Se ha establecido correctamente la conexion a la base de datos
[2022-06-07 22:25:15] [ INFO ] [OdontologoDAOH2:151] Consulta de todos los registros fue exitosa
[2022-06-07 22:25:16] [ INFO ] [Main:39] Odonotologo Name:Hector Apellido: moreno Matricula: 79904519 Id : 4
[2022-06-07 22:25:16] [ INFO ] [ConfiguracionJDBC:53] Se cargo correctamente el driver jdbc
[2022-06-07 22:25:16] [ INFO ] [ConfiguracionJDBC:39] Se ha establecido correctamente la conexion a la base de datos
[2022-06-07 22:25:16] [ INFO ] [OdontologoDAOH2:151] Consulta de todos los registros fue exitosa
[2022-06-07 22:25:16] [ INFO ] [Main:39] Odonotologo Name:Ana Elvia Apellido: Saavedra Matricula: 81950425 Id : 5
[2022-06-07 22:25:16] [ INFO ] [ConfiguracionJDBC:53] Se cargo correctamente el driver jdbc
[2022-06-07 22:25:16] [ INFO ] [ConfiguracionJDBC:39] Se ha establecido correctamente la conexion a la base de datos
[2022-06-07 22:25:16] [ INFO ] [OdontologoDAOH2:151] Consulta de todos los registros fue exitosa
[2022-06-07 22:25:16] [ INFO ] [Main:39] Odonotologo Name:Hector Apellido: moreno Matricula: 79904519 Id : 6
[2022-06-07 22:25:16] [ INFO ] [ConfiguracionJDBC:53] Se cargo correctamente el driver jdbc
[2022-06-07 22:25:16] [ INFO ] [ConfiguracionJDBC:39] Se ha establecido correctamente la conexion a la base de datos
[2022-06-07 22:25:16] [ INFO ] [OdontologoDAOH2:151] Consulta de todos los registros fue exitosa
[2022-06-07 22:25:16] [ INFO ] [Main:39] Odonotologo Name:Hector Apellido: moreno Matricula: 79904519 Id : 7
[2022-06-07 22:25:16] [ INFO ] [ConfiguracionJDBC:53] Se cargo correctamente el driver jdbc
[2022-06-07 22:25:16] [ INFO ] [ConfiguracionJDBC:39] Se ha establecido correctamente la conexion a la base de datos
[2022-06-07 22:25:16] [ INFO ] [OdontologoDAOH2:151] Consulta de todos los registros fue exitosa
[2022-06-07 22:25:16] [ INFO ] [Main:39] Odonotologo Name:Hector Apellido: moreno Matricula: 79904519 Id : 8
[2022-06-07 22:25:16] [ INFO ] [ConfiguracionJDBC:53] Se cargo correctamente el driver jdbc
[2022-06-07 22:25:16] [ INFO ] [ConfiguracionJDBC:39] Se ha establecido correctamente la conexion a la base de datos
[2022-06-07 22:25:16] [ INFO ] [OdontologoDAOH2:151] Consulta de todos los registros fue exitosa
[2022-06-07 22:25:16] [ INFO ] [Main:39] Odonotologo Name:Hector1 Apellido: moreno Matricula: 79904519 Id : 9
[2022-06-07 22:25:16] [ INFO ] [ConfiguracionJDBC:53] Se cargo correctamente el driver jdbc
[2022-06-07 22:25:16] [ INFO ] [ConfiguracionJDBC:39] Se ha establecido correctamente la conexion a la base de datos
[2022-06-07 22:25:16] [ INFO ] [OdontologoDAOH2:151] Consulta de todos los registros fue exitosa
[2022-06-07 22:25:16] [ INFO ] [Main:39] Odonotologo Name:Hector Apellido: moreno Matricula: 79904519 Id : 10
[2022-06-07 22:25:16] [ INFO ] [ConfiguracionJDBC:53] Se cargo correctamente el driver jdbc
[2022-06-07 22:25:16] [ INFO ] [ConfiguracionJDBC:39] Se ha establecido correctamente la conexion a la base de datos
[2022-06-07 22:25:16] [ INFO ] [OdontologoDAOH2:151] Consulta de todos los registros fue exitosa
[2022-06-07 22:25:16] [ INFO ] [Main:39] Odonotologo Name:Hector Apellido: moreno Matricula: 79904519 Id : 11
[2022-06-07 22:25:16] [ INFO ] [ConfiguracionJDBC:53] Se cargo correctamente el driver jdbc
[2022-06-07 22:25:16] [ INFO ] [ConfiguracionJDBC:39] Se ha establecido correctamente la conexion a la base de datos
[2022-06-07 22:25:16] [ INFO ] [OdontologoDAOH2:151] Consulta de todos los registros fue exitosa
[2022-06-07 22:25:16] [ INFO ] [Main:39] Odonotologo Name:Hector Apellido: moreno Matricula: 79904519 Id : 12
[2022-06-07 22:25:55] [ INFO ] [ConfiguracionJDBC:53] Se cargo correctamente el driver jdbc
[2022-06-07 22:25:56] [ INFO ] [ConfiguracionJDBC:39] Se ha establecido correctamente la conexion a la base de datos
[2022-06-07 22:25:56] [ INFO ] [OdontologoDAOH2:107] Consulta por ID No 17 fue exitosa
[2022-06-07 22:25:56] [ INFO ] [ConfiguracionJDBC:53] Se cargo correctamente el driver jdbc
[2022-06-07 22:25:56] [ INFO ] [ConfiguracionJDBC:39] Se ha establecido correctamente la conexion a la base de datos
[2022-06-07 22:25:56] [ INFO ] [OdontologoDAOH2:38] Informacion Guardada correctamente
[2022-06-07 22:25:56] [ INFO ] [ConfiguracionJDBC:53] Se cargo correctamente el driver jdbc
[2022-06-07 22:25:56] [ INFO ] [ConfiguracionJDBC:39] Se ha establecido correctamente la conexion a la base de datos
[2022-06-07 22:25:56] [ INFO ] [OdontologoDAOH2:38] Informacion Guardada correctamente
[2022-06-07 22:25:56] [ INFO ] [ConfiguracionJDBC:53] Se cargo correctamente el driver jdbc
[2022-06-07 22:25:56] [ INFO ] [ConfiguracionJDBC:39] Se ha establecido correctamente la conexion a la base de datos
[2022-06-07 22:25:56] [ INFO ] [OdontologoDAOH2:151] Consulta de todos los registros fue exitosa
[2022-06-07 22:25:56] [ INFO ] [ConfiguracionJDBC:53] Se cargo correctamente el driver jdbc
[2022-06-07 22:25:56] [ INFO ] [ConfiguracionJDBC:39] Se ha establecido correctamente la conexion a la base de datos
[2022-06-07 22:25:56] [ INFO ] [OdontologoDAOH2:151] Consulta de todos los registros fue exitosa
[2022-06-07 22:25:56] [ INFO ] [ConfiguracionJDBC:53] Se cargo correctamente el driver jdbc
[2022-06-07 22:25:56] [ INFO ] [ConfiguracionJDBC:39] Se ha establecido correctamente la conexion a la base de datos
[2022-06-07 22:25:56] [ INFO ] [OdontologoDAOH2:151] Consulta de todos los registros fue exitosa
[2022-06-07 22:25:56] [ INFO ] [ConfiguracionJDBC:53] Se cargo correctamente el driver jdbc
[2022-06-07 22:25:56] [ INFO ] [ConfiguracionJDBC:39] Se ha establecido correctamente la conexion a la base de datos
[2022-06-07 22:25:56] [ INFO ] [OdontologoDAOH2:151] Consulta de todos los registros fue exitosa
[2022-06-07 22:25:56] [ INFO ] [ConfiguracionJDBC:53] Se cargo correctamente el driver jdbc
[2022-06-07 22:25:56] [ INFO ] [ConfiguracionJDBC:39] Se ha establecido correctamente la conexion a la base de datos
[2022-06-07 22:25:56] [ INFO ] [OdontologoDAOH2:151] Consulta de todos los registros fue exitosa
[2022-06-07 22:25:56] [ INFO ] [ConfiguracionJDBC:53] Se cargo correctamente el driver jdbc
[2022-06-07 22:25:56] [ INFO ] [ConfiguracionJDBC:39] Se ha establecido correctamente la conexion a la base de datos
[2022-06-07 22:25:56] [ INFO ] [OdontologoDAOH2:151] Consulta de todos los registros fue exitosa
[2022-06-07 22:25:57] [ INFO ] [ConfiguracionJDBC:53] Se cargo correctamente el driver jdbc
[2022-06-07 22:25:57] [ INFO ] [ConfiguracionJDBC:39] Se ha establecido correctamente la conexion a la base de datos
[2022-06-07 22:25:57] [ INFO ] [OdontologoDAOH2:151] Consulta de todos los registros fue exitosa
[2022-06-07 22:25:57] [ INFO ] [ConfiguracionJDBC:53] Se cargo correctamente el driver jdbc
[2022-06-07 22:25:57] [ INFO ] [ConfiguracionJDBC:39] Se ha establecido correctamente la conexion a la base de datos
[2022-06-07 22:25:57] [ INFO ] [OdontologoDAOH2:151] Consulta de todos los registros fue exitosa
[2022-06-07 22:25:57] [ INFO ] [ConfiguracionJDBC:53] Se cargo correctamente el driver jdbc
[2022-06-07 22:25:57] [ INFO ] [ConfiguracionJDBC:39] Se ha establecido correctamente la conexion a la base de datos
[2022-06-07 22:25:57] [ INFO ] [OdontologoDAOH2:151] Consulta de todos los registros fue exitosa
[2022-06-07 22:25:57] [ INFO ] [ConfiguracionJDBC:53] Se cargo correctamente el driver jdbc
[2022-06-07 22:25:57] [ INFO ] [ConfiguracionJDBC:39] Se ha establecido correctamente la conexion a la base de datos
[2022-06-07 22:25:57] [ INFO ] [OdontologoDAOH2:151] Consulta de todos los registros fue exitosa
[2022-06-07 22:25:57] [ INFO ] [ConfiguracionJDBC:53] Se cargo correctamente el driver jdbc
[2022-06-07 22:25:57] [ INFO ] [ConfiguracionJDBC:39] Se ha establecido correctamente la conexion a la base de datos
[2022-06-07 22:25:57] [ INFO ] [OdontologoDAOH2:151] Consulta de todos los registros fue exitosa
[2022-06-07 22:25:57] [ INFO ] [ConfiguracionJDBC:53] Se cargo correctamente el driver jdbc
[2022-06-07 22:25:57] [ INFO ] [ConfiguracionJDBC:39] Se ha establecido correctamente la conexion a la base de datos
[2022-06-07 22:25:57] [ INFO ] [OdontologoDAOH2:151] Consulta de todos los registros fue exitosa
[2022-06-07 22:25:57] [ INFO ] [ConfiguracionJDBC:53] Se cargo correctamente el driver jdbc
[2022-06-07 22:25:57] [ INFO ] [ConfiguracionJDBC:39] Se ha establecido correctamente la conexion a la base de datos
[2022-06-07 22:25:57] [ INFO ] [OdontologoDAOH2:151] Consulta de todos los registros fue exitosa
[2022-06-07 22:25:57] [ INFO ] [ConfiguracionJDBC:53] Se cargo correctamente el driver jdbc
[2022-06-07 22:25:57] [ INFO ] [ConfiguracionJDBC:39] Se ha establecido correctamente la conexion a la base de datos
[2022-06-07 22:25:57] [ INFO ] [OdontologoDAOH2:151] Consulta de todos los registros fue exitosa
[2022-06-07 22:25:57] [ INFO ] [ConfiguracionJDBC:53] Se cargo correctamente el driver jdbc
[2022-06-07 22:25:57] [ INFO ] [ConfiguracionJDBC:39] Se ha establecido correctamente la conexion a la base de datos
[2022-06-07 22:25:57] [ INFO ] [OdontologoDAOH2:62] Eliminacion registro No 16 fue exitosa
